{
  "RSpec": {
    "coverage": {
      "/home/memrich/Dropbox/Projects/katas/UnitTestRefactoring/ruby/gilded_rose.rb": [
        null,
        1,
        1,
        16,
        112,
        64,
        37,
        21,
        null,
        null,
        null,
        48,
        17,
        17,
        16,
        10,
        10,
        null,
        null,
        16,
        5,
        5,
        null,
        null,
        null,
        null,
        null,
        112,
        80,
        null,
        112,
        51,
        35,
        33,
        22,
        6,
        null,
        null,
        null,
        2,
        null,
        null,
        16,
        1,
        null,
        null,
        null,
        null,
        16,
        null,
        null,
        null,
        1,
        1,
        null,
        1,
        7,
        7,
        7,
        null,
        null,
        1,
        0,
        null,
        null
      ]
    },
    "timestamp": 1383969839
  }
}
